2025-04-04 08:27:06.070091 - Received CBT.V508.FILE359.PDS from FILE359.XMI 
2025-04-04 08:27:06.071392 - Found $$$#DATE.txt (text/plain) in CBT.V508.FILE359.PDS, moved to PDS/$$$#DATE
2025-04-04 08:27:06.071549 - Found $$DOC.txt (text/plain) in CBT.V508.FILE359.PDS, moved to PDS/$$DOC
2025-04-04 08:27:06.071705 - Found @FILE359.txt (text/plain) in CBT.V508.FILE359.PDS, moved to PDS/@FILE359
2025-04-04 08:27:06.071838 - Found ADM@PRIM.txt (text/plain) in CBT.V508.FILE359.PDS, moved to PDS/ADM@PRIM
2025-04-04 08:27:06.071964 - Found ADMALLOC.txt (text/plain) in CBT.V508.FILE359.PDS, moved to PDS/ADMALLOC
2025-04-04 08:27:06.072087 - Found ADMALL0C.txt (text/plain) in CBT.V508.FILE359.PDS, moved to PDS/ADMALL0C
2025-04-04 08:27:06.072241 - Found ADMICU.txt (text/plain) in CBT.V508.FILE359.PDS, moved to PDS/ADMICU
2025-04-04 08:27:06.072367 - Found ADMISE.txt (text/plain) in CBT.V508.FILE359.PDS, moved to PDS/ADMISE
2025-04-04 08:27:06.072489 - Found ADMT0000.txt (text/plain) in CBT.V508.FILE359.PDS, moved to PDS/ADMT0000
2025-04-04 08:27:06.072619 - Found ADMT0010.txt (text/plain) in CBT.V508.FILE359.PDS, moved to PDS/ADMT0010
2025-04-04 08:27:06.072745 - Found ADMT0020.txt (text/plain) in CBT.V508.FILE359.PDS, moved to PDS/ADMT0020
2025-04-04 08:27:06.072866 - Found ADMT0030.txt (text/plain) in CBT.V508.FILE359.PDS, moved to PDS/ADMT0030
2025-04-04 08:27:06.072988 - Found ADMT0040.txt (text/plain) in CBT.V508.FILE359.PDS, moved to PDS/ADMT0040
2025-04-04 08:27:06.073113 - Found ADMVSE.txt (text/plain) in CBT.V508.FILE359.PDS, moved to PDS/ADMVSE
2025-04-04 08:27:06.073270 - Found ASMH.txt (text/plain) in CBT.V508.FILE359.PDS, moved to PDS/ASMH
2025-04-04 08:27:06.073407 - Found ASMH#.txt (text/plain) in CBT.V508.FILE359.PDS, moved to PDS/ASMH#
2025-04-04 08:27:06.073521 - Found BURN.txt (text/plain) in CBT.V508.FILE359.PDS, moved to PDS/BURN
2025-04-04 08:27:06.073641 - Found COMPRES#.txt (text/plain) in CBT.V508.FILE359.PDS, moved to PDS/COMPRES#
2025-04-04 08:27:06.073777 - Found COMPRESS.txt (text/plain) in CBT.V508.FILE359.PDS, moved to PDS/COMPRESS
2025-04-04 08:27:06.073924 - Found CPY.txt (text/plain) in CBT.V508.FILE359.PDS, moved to PDS/CPY
2025-04-04 08:27:06.074050 - Found CPY#.txt (text/plain) in CBT.V508.FILE359.PDS, moved to PDS/CPY#
2025-04-04 08:27:06.074174 - Found DATASCAN.txt (text/plain) in CBT.V508.FILE359.PDS, moved to PDS/DATASCAN
2025-04-04 08:27:06.074293 - Found ENQSP.txt (text/plain) in CBT.V508.FILE359.PDS, moved to PDS/ENQSP
2025-04-04 08:27:06.074430 - Found ENQSP#.txt (text/plain) in CBT.V508.FILE359.PDS, moved to PDS/ENQSP#
2025-04-04 08:27:06.074557 - Found EPILOG.txt (text/plain) in CBT.V508.FILE359.PDS, moved to PDS/EPILOG
2025-04-04 08:27:06.074672 - Found HELPLIST.txt (text/plain) in CBT.V508.FILE359.PDS, moved to PDS/HELPLIST
2025-04-04 08:27:06.074786 - Found IDATMSTP.txt (text/plain) in CBT.V508.FILE359.PDS, moved to PDS/IDATMSTP
2025-04-04 08:27:06.075176 - Found IKJEFF10.txt (text/plain) in CBT.V508.FILE359.PDS, moved to PDS/IKJEFF10
2025-04-04 08:27:06.075363 - Found ISR@PRIM.txt (text/plain) in CBT.V508.FILE359.PDS, moved to PDS/ISR@PRIM
2025-04-04 08:27:06.075507 - Found LMVS010.jcl (text/plain) in CBT.V508.FILE359.PDS, moved to PDS/LMVS010
2025-04-04 08:27:06.075650 - Found LMVS015.jcl (text/plain) in CBT.V508.FILE359.PDS, moved to PDS/LMVS015
2025-04-04 08:27:06.075777 - Found LMVS018.jcl (text/plain) in CBT.V508.FILE359.PDS, moved to PDS/LMVS018
2025-04-04 08:27:06.075901 - Found ONL.txt (text/plain) in CBT.V508.FILE359.PDS, moved to PDS/ONL
2025-04-04 08:27:06.076031 - Found PERFORM.txt (text/plain) in CBT.V508.FILE359.PDS, moved to PDS/PERFORM
2025-04-04 08:27:06.076165 - Found PROLOG.txt (text/plain) in CBT.V508.FILE359.PDS, moved to PDS/PROLOG
2025-04-04 08:27:06.076280 - Found SM.txt (text/plain) in CBT.V508.FILE359.PDS, moved to PDS/SM
2025-04-04 08:27:06.076400 - Found VPS@PRIM.txt (text/plain) in CBT.V508.FILE359.PDS, moved to PDS/VPS@PRIM
2025-04-04 08:27:06.076517 - Found VPSOPT01.txt (text/plain) in CBT.V508.FILE359.PDS, moved to PDS/VPSOPT01
2025-04-04 08:27:06.076649 - Found VPSOPT02.txt (text/plain) in CBT.V508.FILE359.PDS, moved to PDS/VPSOPT02
2025-04-04 08:27:06.076774 - Found VPSPRINT.txt (text/plain) in CBT.V508.FILE359.PDS, moved to PDS/VPSPRINT
2025-04-04 08:27:06.076899 - Found VPST0000.txt (text/plain) in CBT.V508.FILE359.PDS, moved to PDS/VPST0000
2025-04-04 08:27:06.077017 - Found VPST0010.txt (text/plain) in CBT.V508.FILE359.PDS, moved to PDS/VPST0010
2025-04-04 08:27:06.077150 - Found VPST0020.txt (text/plain) in CBT.V508.FILE359.PDS, moved to PDS/VPST0020
2025-04-04 08:27:06.077266 - Found VPS01.txt (text/plain) in CBT.V508.FILE359.PDS, moved to PDS/VPS01
2025-04-04 08:27:06.077386 - Found VPS02.txt (text/plain) in CBT.V508.FILE359.PDS, moved to PDS/VPS02
2025-04-04 08:27:06.077506 - Found VPS03.txt (text/plain) in CBT.V508.FILE359.PDS, moved to PDS/VPS03
2025-04-04 08:27:06.077624 - Found WIZARD.txt (text/plain) in CBT.V508.FILE359.PDS, moved to PDS/WIZARD
